
[error occurred during error reporting (printing stack bounds), id 0xc0000005]


[error occurred during error reporting (printing native stack), id 0xc0000005]

Java frames: (J=compiled Java code, j=interpreted, Vv=VM code)
j  java.lang.Throwable.<clinit>()V+32
v  ~StubRoutines::call_stub
j  sun.misc.Unsafe.registerNatives()V+0
j  sun.misc.Unsafe.<clinit>()V+0
v  ~StubRoutines::call_stub
j  java.util.concurrent.atomic.AtomicInteger.<clinit>()V+0
v  ~StubRoutines::call_stub
j  java.lang.ThreadLocal.<clinit>()V+0
v  ~StubRoutines::call_stub
j  java.nio.charset.Charset.<clinit>()V+22
v  ~StubRoutines::call_stub
j  java.lang.System.initProperties(Ljava/util/Properties;)Ljava/util/Properties;+0
j  java.lang.System.initializeSystemClass()V+13
v  ~StubRoutines::call_stub

---------------  P R O C E S S  ---------------

Java Threads: ( => current thread )
  0x0000000008dc1000 JavaThread "Finalizer" daemon [_thread_blocked, id=4676, stack(0x000000000b040000,0x000000000b140000)]
  0x0000000002436800 JavaThread "Reference Handler" daemon [_thread_blocked, id=6428, stack(0x000000000b160000,0x000000000b260000)]
=>0x000000000233e000 JavaThread "main" [_thread_in_vm, id=8104, stack(0x0000000002710000,0x0000000002810000)]

Other Threads:
  0x0000000008dbe000 VMThread [stack: 0x000000000af40000,0x000000000b040000] [id=3852]

VM state:not at safepoint (normal execution)

VM Mutex/Monitor currently owned by a thread:  ([mutex/lock_event])
[0x000000000233be50] SymbolTable_lock - owner thread: 0x000000000233e000

Heap
 PSYoungGen      total 38400K, used 1331K [0x00000000eaa80000, 0x00000000ed500000, 0x0000000100000000)
  eden space 33280K, 4% used [0x00000000eaa80000,0x00000000eabccdb8,0x00000000ecb00000)
  from space 5120K, 0% used [0x00000000ed000000,0x00000000ed000000,0x00000000ed500000)
  to   space 5120K, 0% used [0x00000000ecb00000,0x00000000ecb00000,0x00000000ed000000)
 ParOldGen       total 86016K, used 0K [0x00000000c0000000, 0x00000000c5400000, 0x00000000eaa80000)
  object space 86016K, 0% used [0x00000000c0000000,0x00000000c0000000,0x00000000c5400000)
 PSPermGen       total 21504K, used 998K [0x00000000bae00000, 0x00000000bc300000, 0x00000000c0000000)
  object space 21504K, 4% used [0x00000000bae00000,0x00000000baef9bf0,0x00000000bc300000)

Card table byte_map: [0x0000000005810000,0x0000000005a40000] byte_map_base: 0x0000000005239000

Polling page: 0x0000000000340000

Code Cache  [0x0000000002810000, 0x0000000002a80000, 0x0000000005810000)
 total_blobs=99 nmethods=0 adapters=75 free_code_cache=48806Kb largest_free_block=49977408

Compilation events (0 events):
No events

GC Heap History (0 events):
No events

Deoptimization events (0 events):
No events

Internal exceptions (0 events):
No events

Events (10 events):
Event: 0.048 loading class 0x0000000008c01a60 done
Event: 0.048 loading class 0x0000000008be1880
Event: 0.048 loading class 0x0000000008be1880 done
Event: 0.048 loading class 0x0000000008be15f0
Event: 0.048 loading class 0x0000000008be1520
Event: 0.048 loading class 0x0000000008be1520 done
Event: 0.048 loading class 0x0000000008be15f0 done
Event: 0.048 loading class 0x0000000008be6ac0
Event: 0.049 loading class 0x0000000008be6ac0 done
Event: 0.049 loading class 0x0000000008bed470


Dynamic libraries:
0x000000013f110000 - 0x000000013f143000 	C:\Program Files\Java\jdk1.7.0_79\bin\java.exe
0x0000000076f20000 - 0x00000000770c9000 	C:\Windows\SYSTEM32\ntdll.dll
0x0000000076e00000 - 0x0000000076f1f000 	C:\Windows\system32\kernel32.dll
0x000007fefcfc0000 - 0x000007fefd02c000 	C:\Windows\system32\KERNELBASE.dll
0x000007fefd780000 - 0x000007fefd85b000 	C:\Windows\system32\ADVAPI32.dll
0x000007fefdd80000 - 0x000007fefde1f000 	C:\Windows\system32\msvcrt.dll
0x000007fefd950000 - 0x000007fefd96f000 	C:\Windows\SYSTEM32\sechost.dll
0x000007fefd650000 - 0x000007fefd77d000 	C:\Windows\system32\RPCRT4.dll
0x0000000076d00000 - 0x0000000076dfa000 	C:\Windows\system32\USER32.dll
0x000007fefeff0000 - 0x000007feff057000 	C:\Windows\system32\GDI32.dll
0x000007feff1c0000 - 0x000007feff1ce000 	C:\Windows\system32\LPK.dll
0x000007fefde20000 - 0x000007fefdeea000 	C:\Windows\system32\USP10.dll
0x000007fefaf70000 - 0x000007fefb164000 	C:\Windows\WinSxS\amd64_microsoft.windows.common-controls_6595b64144ccf1df_6.0.7601.18837_none_fa3b1e3d17594757\COMCTL32.dll
0x000007feff060000 - 0x000007feff0d1000 	C:\Windows\system32\SHLWAPI.dll
0x000007fefd920000 - 0x000007fefd94e000 	C:\Windows\system32\IMM32.DLL
0x000007fefdf40000 - 0x000007fefe049000 	C:\Windows\system32\MSCTF.dll
0x0000000068930000 - 0x0000000068a02000 	C:\Program Files\Java\jdk1.7.0_79\jre\bin\msvcr100.dll
0x0000000063a10000 - 0x00000000641e5000 	C:\Program Files\Java\jdk1.7.0_79\jre\bin\server\jvm.dll
0x000007fef9170000 - 0x000007fef9179000 	C:\Windows\system32\WSOCK32.dll
0x000007fefdef0000 - 0x000007fefdf3d000 	C:\Windows\system32\WS2_32.dll
0x000007fefdd70000 - 0x000007fefdd78000 	C:\Windows\system32\NSI.dll
0x000007fefa480000 - 0x000007fefa4bb000 	C:\Windows\system32\WINMM.dll
0x00000000770e0000 - 0x00000000770e7000 	C:\Windows\system32\PSAPI.DLL
0x00000000731d0000 - 0x00000000731df000 	C:\Program Files\Java\jdk1.7.0_79\jre\bin\verify.dll
0x00000000731a0000 - 0x00000000731c8000 	C:\Program Files\Java\jdk1.7.0_79\jre\bin\java.dll
0x0000000073180000 - 0x0000000073195000 	C:\Program Files\Java\jdk1.7.0_79\jre\bin\zip.dll

VM Arguments:
jvm_args: -Djava.awt.headless=true -Xmx1024M -Dfile.encoding=GBK -Duser.country=CN -Duser.language=zh -Duser.variant 
java_command: com.android.dx.command.Main --dex --num-threads=4 --output E:\535\hw1\proj1\MyApplication\app\build\intermediates\pre-dexed\debug\internal_impl-23.1.1_b4833aa2ecefc5ef954f1e9b2159b0489643d22e.jar E:\535\hw1\proj1\MyApplication\app\build\intermediates\exploded-aar\com.android.support\support-v4\23.1.1\jars\libs\internal_impl-23.1.1.jar
Launcher Type: SUN_STANDARD

Environment Variables:
PATH=C:\Windows\system32;C:\Windows;C:\Windows\System32\Wbem;C:\Windows\System32\WindowsPowerShell\v1.0\;C:\Program Files (x86)\NVIDIA Corporation\PhysX\Common;C:\Program Files\OpenVPN\bin;C:\Program Files\Calibre2\;C:\Program Files (x86)\OpenVPN\bin
USERNAME=thrown
OS=Windows_NT
PROCESSOR_IDENTIFIER=Intel64 Family 6 Model 60 Stepping 3, GenuineIntel



---------------  S Y S T E M  ---------------

OS: Windows 7 , 64 bit Build 7601 Service Pack 1

CPU:total 8 (4 cores per cpu, 2 threads per core) family 6 model 60 stepping 3, cmov, cx8, fxsr, mmx, sse, sse2, sse3, ssse3, sse4.1, sse4.2, popcnt, avx, avx2, aes, erms, ht, tsc, tscinvbit

Memory: 4k page, physical 8268472k(2419936k free), swap 8266636k(4972k free)

vm_info: Java HotSpot(TM) 64-Bit Server VM (24.79-b02) for windows-amd64 JRE (1.7.0_79-b15), built on Apr 10 2015 12:36:16 by "java_re" with unknown MS VC++:1600

time: Sun Jan 31 01:30:53 2016
elapsed time: 0 seconds

